2025-03-05 20:12:11.354 [warning] Via 'product.json#extensionEnabledApiProposals' extension 'ms-vscode.vscode-selfhost-test-provider' wants API proposal 'attributableCoverage' but that proposal DOES NOT EXIST. Likely, the proposal has been finalized (check 'vscode.d.ts') or was abandoned.
2025-03-05 20:12:11.354 [warning] Via 'product.json#extensionEnabledApiProposals' extension 'ms-python.python' wants API proposal 'contribIssueReporter' but that proposal DOES NOT EXIST. Likely, the proposal has been finalized (check 'vscode.d.ts') or was abandoned.
2025-03-05 20:12:11.354 [warning] Via 'product.json#extensionEnabledApiProposals' extension 'ms-python.debugpy' wants API proposal 'contribIssueReporter' but that proposal DOES NOT EXIST. Likely, the proposal has been finalized (check 'vscode.d.ts') or was abandoned.
2025-03-05 20:12:11.354 [warning] Via 'product.json#extensionEnabledApiProposals' extension 'redhat.java' wants API proposal 'documentPaste' but that proposal DOES NOT EXIST. Likely, the proposal has been finalized (check 'vscode.d.ts') or was abandoned.
2025-03-05 20:12:11.520 [info] Started local extension host with pid 92961.
2025-03-05 20:12:11.770 [warning] [twxs.cmake]: Cannot register 'cmake.cmakePath'. This property is already registered.
2025-03-05 20:12:11.954 [info] Settings Sync: Account status changed from uninitialized to unavailable
2025-03-05 20:12:14.135 [info] [perf] Render performance baseline is 23ms
2025-03-05 20:12:14.671 [error] [/Users/charming/.vscode/extensions/ms-toolsai.jupyter-2025.2.0-darwin-arm64]: Extension is not compatible with Code 1.97.2. Extension requires: ^1.98.0.
2025-03-05 20:12:20.746 [warning] Via 'product.json#extensionEnabledApiProposals' extension 'ms-vscode.vscode-selfhost-test-provider' wants API proposal 'attributableCoverage' but that proposal DOES NOT EXIST. Likely, the proposal has been finalized (check 'vscode.d.ts') or was abandoned.
2025-03-05 20:12:20.747 [warning] Via 'product.json#extensionEnabledApiProposals' extension 'ms-python.python' wants API proposal 'contribIssueReporter' but that proposal DOES NOT EXIST. Likely, the proposal has been finalized (check 'vscode.d.ts') or was abandoned.
2025-03-05 20:12:20.747 [warning] Via 'product.json#extensionEnabledApiProposals' extension 'ms-python.debugpy' wants API proposal 'contribIssueReporter' but that proposal DOES NOT EXIST. Likely, the proposal has been finalized (check 'vscode.d.ts') or was abandoned.
2025-03-05 20:12:20.747 [warning] Via 'product.json#extensionEnabledApiProposals' extension 'redhat.java' wants API proposal 'documentPaste' but that proposal DOES NOT EXIST. Likely, the proposal has been finalized (check 'vscode.d.ts') or was abandoned.
2025-03-05 20:12:20.848 [info] Started local extension host with pid 93013.
2025-03-05 20:12:21.086 [warning] [twxs.cmake]: Cannot register 'cmake.cmakePath'. This property is already registered.
2025-03-05 20:12:21.174 [info] Settings Sync: Account status changed from uninitialized to unavailable
2025-03-05 20:12:21.211 [warning] No search provider registered for scheme: file, waiting
2025-03-05 20:12:23.436 [info] [perf] Render performance baseline is 18ms
2025-03-05 20:12:23.983 [error] [/Users/charming/.vscode/extensions/ms-toolsai.jupyter-2025.2.0-darwin-arm64]: Extension is not compatible with Code 1.97.2. Extension requires: ^1.98.0.
2025-03-05 20:13:32.944 [error] lock() request could not be registered.: Error: lock() request could not be registered.
2025-03-05 20:13:50.144 [error] lock() request could not be registered.: Error: lock() request could not be registered.
2025-03-05 20:15:31.415 [warning] [perf] Renderer reported VERY LONG TASK (309ms), starting profiling session 'a29ea08c-e8a2-4b84-aa9f-8b5c39742236'
2025-03-05 20:16:21.701 [error] [text file model] handleSaveError(1) - exit - resulted in a save error: Error: Unable to write file '/Users/charming/Documents/venapay/frontend/src/app/auth/auth.service.ts' (NoPermissions (FileSystemError): Error: EACCES: permission denied, open '/Users/charming/Documents/venapay/frontend/src/app/auth/auth.service.ts') file:///Users/charming/Documents/venapay/frontend/src/app/auth/auth.service.ts
2025-03-05 20:16:37.818 [error] [text file model] handleSaveError(1) - exit - resulted in a save error: Error: Command failed: "/Applications/Visual Studio Code.app/Contents/Resources/app/bin/code" --file-write "/Users/charming/Documents/venapay/frontend/~/.vscode-root/code-elevated-dTuuZhSD"
Using --file-write with invalid arguments.
 file:///Users/charming/Documents/venapay/frontend/src/app/auth/auth.service.ts
2025-03-05 20:18:40.368 [error] [text file model] handleSaveError(1) - exit - resulted in a save error: Error: Unable to write file '/Users/charming/Documents/venapay/frontend/src/app/auth/auth.service.ts' (NoPermissions (FileSystemError): Error: EACCES: permission denied, open '/Users/charming/Documents/venapay/frontend/src/app/auth/auth.service.ts') file:///Users/charming/Documents/venapay/frontend/src/app/auth/auth.service.ts
2025-03-05 20:19:27.109 [error] [text file model] handleSaveError(1) - exit - resulted in a save error: Error: Unable to write file '/Users/charming/Documents/venapay/frontend/src/app/auth/auth.service.ts' (NoPermissions (FileSystemError): Error: EACCES: permission denied, open '/Users/charming/Documents/venapay/frontend/src/app/auth/auth.service.ts') file:///Users/charming/Documents/venapay/frontend/src/app/auth/auth.service.ts
