2025-03-05 20:08:37.781 [info] Reading sessions from keychain...
2025-03-05 20:08:37.781 [info] Getting sessions for all scopes...
2025-03-05 20:08:37.781 [info] Getting sessions for all scopes...
2025-03-05 20:08:37.781 [info] Getting sessions for all scopes...
2025-03-05 20:08:37.781 [info] Getting sessions for all scopes...
2025-03-05 20:08:37.781 [info] Getting sessions for all scopes...
2025-03-05 20:08:37.781 [info] Getting sessions for all scopes...
2025-03-05 20:08:37.781 [info] Getting sessions for all scopes...
2025-03-05 20:08:37.781 [info] Got 0 sessions for ...
2025-03-05 20:08:37.781 [info] Got 0 sessions for ...
2025-03-05 20:08:37.781 [info] Got 0 sessions for ...
2025-03-05 20:08:37.781 [info] Got 0 sessions for ...
2025-03-05 20:08:37.781 [info] Got 0 sessions for ...
2025-03-05 20:08:37.781 [info] Got 0 sessions for ...
2025-03-05 20:08:37.781 [info] Got 0 sessions for ...
2025-03-05 20:08:38.694 [info] Getting sessions for all scopes...
2025-03-05 20:08:38.694 [info] Got 0 sessions for ...
2025-03-05 20:08:42.572 [info] Getting sessions for all scopes...
2025-03-05 20:08:42.573 [info] Got 0 sessions for ...
2025-03-05 20:11:11.799 [info] Reading sessions from keychain...
2025-03-05 20:11:11.799 [info] Getting sessions for all scopes...
2025-03-05 20:11:11.799 [info] Getting sessions for all scopes...
2025-03-05 20:11:11.799 [info] Got 0 sessions for ...
2025-03-05 20:11:11.799 [info] Got 0 sessions for ...
2025-03-05 20:11:11.812 [info] Getting sessions for all scopes...
2025-03-05 20:11:11.812 [info] Got 0 sessions for ...
2025-03-05 20:11:11.812 [info] Getting sessions for all scopes...
2025-03-05 20:11:11.812 [info] Got 0 sessions for ...
2025-03-05 20:11:11.812 [info] Getting sessions for all scopes...
2025-03-05 20:11:11.812 [info] Got 0 sessions for ...
2025-03-05 20:11:11.812 [info] Getting sessions for all scopes...
2025-03-05 20:11:11.812 [info] Got 0 sessions for ...
2025-03-05 20:11:11.812 [info] Getting sessions for all scopes...
2025-03-05 20:11:11.812 [info] Got 0 sessions for ...
2025-03-05 20:11:13.689 [info] Getting sessions for all scopes...
2025-03-05 20:11:13.689 [info] Got 0 sessions for ...
2025-03-05 20:11:17.587 [info] Getting sessions for read:user,repo,user:email,workflow...
2025-03-05 20:11:17.587 [info] Got 0 sessions for read:user,repo,user:email,workflow...
