Locating server…
Checking if /Users/charming/Documents/venapay/frontend/src/styles.css may be Tailwind-related…
Checking if /Users/charming/Documents/venapay/frontend/src/app/app.component.css may be Tailwind-related…
Checking if /Users/charming/Documents/venapay/frontend/src/app/transactions/transaction-history/transaction-history.component.css may be Tailwind-related…
Checking if /Users/charming/Documents/venapay/frontend/src/app/transactions/transaction-details/transaction-details.component.css may be Tailwind-related…
Checking if /Users/charming/Documents/venapay/frontend/src/app/dashboard/profile/profile.component.css may be Tailwind-related…
Checking if /Users/charming/Documents/venapay/frontend/src/app/dashboard/home/home.component.css may be Tailwind-related…
Checking if /Users/charming/Documents/venapay/frontend/src/app/admin/reports/reports.component.css may be Tailwind-related…
Checking if /Users/charming/Documents/venapay/frontend/src/app/admin/transaction-monitoring/transaction-monitoring.component.css may be Tailwind-related…
Checking if /Users/charming/Documents/venapay/frontend/src/app/admin/user-management/user-management.component.css may be Tailwind-related…
Checking if /Users/charming/Documents/venapay/frontend/src/app/auth/login/login.component.css may be Tailwind-related…
Checking if /Users/charming/Documents/venapay/frontend/src/app/auth/reset-password/reset-password.component.css may be Tailwind-related…
Checking if /Users/charming/Documents/venapay/frontend/src/app/auth/forgot-password/forgot-password.component.css may be Tailwind-related…
Checking if /Users/charming/Documents/venapay/frontend/src/app/auth/register/register.component.css may be Tailwind-related…
Checking if /Users/charming/Documents/venapay/frontend/src/app/invoices/invoice-list/invoice-list.component.css may be Tailwind-related…
Checking if /Users/charming/Documents/venapay/frontend/src/app/invoices/create-invoice/create-invoice.component.css may be Tailwind-related…
Checking if /Users/charming/Documents/venapay/frontend/src/app/invoices/view-invoice/view-invoice.component.css may be Tailwind-related…
Checking if /Users/charming/Documents/venapay/frontend/src/app/payments/payment-success/payment-success.component.css may be Tailwind-related…
Checking if /Users/charming/Documents/venapay/frontend/src/app/payments/initiate-payment/initiate-payment.component.css may be Tailwind-related…
Checking if /Users/charming/Documents/venapay/frontend/src/app/payments/payment-failure/payment-failure.component.css may be Tailwind-related…
Checking if /Users/charming/Documents/venapay/frontend/src/styles.css may be Tailwind-related…
Checking if /Users/charming/Documents/venapay/frontend/src/app/app.component.css may be Tailwind-related…
Checking if /Users/charming/Documents/venapay/frontend/src/app/transactions/transaction-history/transaction-history.component.css may be Tailwind-related…
Checking if /Users/charming/Documents/venapay/frontend/src/app/transactions/transaction-details/transaction-details.component.css may be Tailwind-related…
Checking if /Users/charming/Documents/venapay/frontend/src/styles.css may be Tailwind-related…
Checking if /Users/charming/Documents/venapay/frontend/src/app/dashboard/profile/profile.component.css may be Tailwind-related…
Checking if /Users/charming/Documents/venapay/frontend/src/app/app.component.css may be Tailwind-related…
Checking if /Users/charming/Documents/venapay/frontend/src/app/dashboard/home/home.component.css may be Tailwind-related…
Checking if /Users/charming/Documents/venapay/frontend/src/app/transactions/transaction-history/transaction-history.component.css may be Tailwind-related…
Checking if /Users/charming/Documents/venapay/frontend/src/app/admin/reports/reports.component.css may be Tailwind-related…
Checking if /Users/charming/Documents/venapay/frontend/src/app/transactions/transaction-details/transaction-details.component.css may be Tailwind-related…
Checking if /Users/charming/Documents/venapay/frontend/src/app/admin/transaction-monitoring/transaction-monitoring.component.css may be Tailwind-related…
Checking if /Users/charming/Documents/venapay/frontend/src/app/dashboard/profile/profile.component.css may be Tailwind-related…
Checking if /Users/charming/Documents/venapay/frontend/src/app/admin/user-management/user-management.component.css may be Tailwind-related…
Checking if /Users/charming/Documents/venapay/frontend/src/app/dashboard/home/home.component.css may be Tailwind-related…
Checking if /Users/charming/Documents/venapay/frontend/src/app/auth/login/login.component.css may be Tailwind-related…
Checking if /Users/charming/Documents/venapay/frontend/src/app/admin/reports/reports.component.css may be Tailwind-related…
Checking if /Users/charming/Documents/venapay/frontend/src/app/auth/reset-password/reset-password.component.css may be Tailwind-related…
Checking if /Users/charming/Documents/venapay/frontend/src/app/admin/transaction-monitoring/transaction-monitoring.component.css may be Tailwind-related…
Checking if /Users/charming/Documents/venapay/frontend/src/app/auth/forgot-password/forgot-password.component.css may be Tailwind-related…
Checking if /Users/charming/Documents/venapay/frontend/src/app/admin/user-management/user-management.component.css may be Tailwind-related…
Checking if /Users/charming/Documents/venapay/frontend/src/app/auth/register/register.component.css may be Tailwind-related…
Checking if /Users/charming/Documents/venapay/frontend/src/app/auth/login/login.component.css may be Tailwind-related…
Checking if /Users/charming/Documents/venapay/frontend/src/app/invoices/invoice-list/invoice-list.component.css may be Tailwind-related…
Checking if /Users/charming/Documents/venapay/frontend/src/app/auth/reset-password/reset-password.component.css may be Tailwind-related…
Checking if /Users/charming/Documents/venapay/frontend/src/app/invoices/create-invoice/create-invoice.component.css may be Tailwind-related…
Checking if /Users/charming/Documents/venapay/frontend/src/app/auth/forgot-password/forgot-password.component.css may be Tailwind-related…
Checking if /Users/charming/Documents/venapay/frontend/src/app/invoices/view-invoice/view-invoice.component.css may be Tailwind-related…
Checking if /Users/charming/Documents/venapay/frontend/src/app/auth/register/register.component.css may be Tailwind-related…
Checking if /Users/charming/Documents/venapay/frontend/src/app/payments/payment-success/payment-success.component.css may be Tailwind-related…
Checking if /Users/charming/Documents/venapay/frontend/src/app/invoices/invoice-list/invoice-list.component.css may be Tailwind-related…
Checking if /Users/charming/Documents/venapay/frontend/src/app/payments/initiate-payment/initiate-payment.component.css may be Tailwind-related…
Checking if /Users/charming/Documents/venapay/frontend/src/app/invoices/create-invoice/create-invoice.component.css may be Tailwind-related…
Checking if /Users/charming/Documents/venapay/frontend/src/app/payments/payment-failure/payment-failure.component.css may be Tailwind-related…
Checking if /Users/charming/Documents/venapay/frontend/src/app/invoices/view-invoice/view-invoice.component.css may be Tailwind-related…
Checking if /Users/charming/Documents/venapay/frontend/src/app/payments/payment-success/payment-success.component.css may be Tailwind-related…
Checking if /Users/charming/Documents/venapay/frontend/src/app/payments/initiate-payment/initiate-payment.component.css may be Tailwind-related…
Checking if /Users/charming/Documents/venapay/frontend/src/app/payments/payment-failure/payment-failure.component.css may be Tailwind-related…
Checking if /Users/charming/Documents/venapay/frontend/src/styles.css may be Tailwind-related…
Checking if /Users/charming/Documents/venapay/frontend/src/app/app.component.css may be Tailwind-related…
Checking if /Users/charming/Documents/venapay/frontend/src/app/transactions/transaction-history/transaction-history.component.css may be Tailwind-related…
Checking if /Users/charming/Documents/venapay/frontend/src/app/transactions/transaction-details/transaction-details.component.css may be Tailwind-related…
Checking if /Users/charming/Documents/venapay/frontend/src/app/admin/reports/reports.component.css may be Tailwind-related…
Checking if /Users/charming/Documents/venapay/frontend/src/app/admin/user-management/user-management.component.css may be Tailwind-related…
Checking if /Users/charming/Documents/venapay/frontend/src/app/admin/transaction-monitoring/transaction-monitoring.component.css may be Tailwind-related…
Checking if /Users/charming/Documents/venapay/frontend/src/app/payments/payment-success/payment-success.component.css may be Tailwind-related…
Checking if /Users/charming/Documents/venapay/frontend/src/app/invoices/invoice-list/invoice-list.component.css may be Tailwind-related…
Checking if /Users/charming/Documents/venapay/frontend/src/app/auth/reset-password/reset-password.component.css may be Tailwind-related…
Checking if /Users/charming/Documents/venapay/frontend/src/app/auth/register/register.component.css may be Tailwind-related…
Checking if /Users/charming/Documents/venapay/frontend/src/app/invoices/create-invoice/create-invoice.component.css may be Tailwind-related…
Checking if /Users/charming/Documents/venapay/frontend/src/app/payments/payment-failure/payment-failure.component.css may be Tailwind-related…
Checking if /Users/charming/Documents/venapay/frontend/src/app/payments/initiate-payment/initiate-payment.component.css may be Tailwind-related…
Checking if /Users/charming/Documents/venapay/frontend/src/app/auth/forgot-password/forgot-password.component.css may be Tailwind-related…
Checking if /Users/charming/Documents/venapay/frontend/src/app/invoices/view-invoice/view-invoice.component.css may be Tailwind-related…
Checking if /Users/charming/Documents/venapay/frontend/src/app/dashboard/profile/profile.component.css may be Tailwind-related…
Checking if /Users/charming/Documents/venapay/frontend/src/app/dashboard/home/home.component.css may be Tailwind-related…
Checking if /Users/charming/Documents/venapay/frontend/src/app/auth/login/login.component.css may be Tailwind-related…
