2025-03-05 20:08:36.796 [warning] Via 'product.json#extensionEnabledApiProposals' extension 'ms-vscode.vscode-selfhost-test-provider' wants API proposal 'attributableCoverage' but that proposal DOES NOT EXIST. Likely, the proposal has been finalized (check 'vscode.d.ts') or was abandoned.
2025-03-05 20:08:36.805 [warning] Via 'product.json#extensionEnabledApiProposals' extension 'ms-python.python' wants API proposal 'contribIssueReporter' but that proposal DOES NOT EXIST. Likely, the proposal has been finalized (check 'vscode.d.ts') or was abandoned.
2025-03-05 20:08:36.805 [warning] Via 'product.json#extensionEnabledApiProposals' extension 'ms-python.debugpy' wants API proposal 'contribIssueReporter' but that proposal DOES NOT EXIST. Likely, the proposal has been finalized (check 'vscode.d.ts') or was abandoned.
2025-03-05 20:08:36.805 [warning] Via 'product.json#extensionEnabledApiProposals' extension 'redhat.java' wants API proposal 'documentPaste' but that proposal DOES NOT EXIST. Likely, the proposal has been finalized (check 'vscode.d.ts') or was abandoned.
2025-03-05 20:08:37.196 [info] Started local extension host with pid 92587.
2025-03-05 20:08:37.385 [error] [/Users/charming/.vscode/extensions/ms-toolsai.jupyter-2025.2.0-darwin-arm64]: Extension is not compatible with Code 1.97.2. Extension requires: ^1.98.0.
2025-03-05 20:08:37.460 [warning] [twxs.cmake]: Cannot register 'cmake.cmakePath'. This property is already registered.
2025-03-05 20:08:37.567 [info] Settings Sync: Account status changed from uninitialized to unavailable
2025-03-05 20:08:42.581 [info] [perf] Render performance baseline is 14ms
2025-03-05 20:10:13.987 [error] Cannot read the extension from /Users/charming/.vscode/extensions/ms-toolsai.jupyter-2025.2.0-darwin-arm64: ScanningExtension: Cannot read the extension from /Users/charming/.vscode/extensions/ms-toolsai.jupyter-2025.2.0-darwin-arm64
    at dh.scanLocalExtension (file:///Applications/Visual%20Studio%20Code.app/Contents/Resources/app/out/vs/code/electron-utility/sharedProcess/sharedProcessMain.js:74:72155)
2025-03-05 20:11:11.062 [warning] Via 'product.json#extensionEnabledApiProposals' extension 'ms-vscode.vscode-selfhost-test-provider' wants API proposal 'attributableCoverage' but that proposal DOES NOT EXIST. Likely, the proposal has been finalized (check 'vscode.d.ts') or was abandoned.
2025-03-05 20:11:11.062 [warning] Via 'product.json#extensionEnabledApiProposals' extension 'ms-python.python' wants API proposal 'contribIssueReporter' but that proposal DOES NOT EXIST. Likely, the proposal has been finalized (check 'vscode.d.ts') or was abandoned.
2025-03-05 20:11:11.063 [warning] Via 'product.json#extensionEnabledApiProposals' extension 'ms-python.debugpy' wants API proposal 'contribIssueReporter' but that proposal DOES NOT EXIST. Likely, the proposal has been finalized (check 'vscode.d.ts') or was abandoned.
2025-03-05 20:11:11.063 [warning] Via 'product.json#extensionEnabledApiProposals' extension 'redhat.java' wants API proposal 'documentPaste' but that proposal DOES NOT EXIST. Likely, the proposal has been finalized (check 'vscode.d.ts') or was abandoned.
2025-03-05 20:11:11.180 [info] Started local extension host with pid 92750.
2025-03-05 20:11:11.429 [error] [/Users/charming/.vscode/extensions/ms-toolsai.jupyter-2025.2.0-darwin-arm64]: Extension is not compatible with Code 1.97.2. Extension requires: ^1.98.0.
2025-03-05 20:11:11.666 [info] Settings Sync: Account status changed from uninitialized to unavailable
2025-03-05 20:11:13.784 [info] [perf] Render performance baseline is 14ms
2025-03-05 20:11:17.231 [warning] [twxs.cmake]: Cannot register 'cmake.cmakePath'. This property is already registered.
