2025-03-05 20:12:12.162 [info] [main] Log level: Info
2025-03-05 20:12:12.167 [info] [main] Validating found git in: "/usr/bin/git"
2025-03-05 20:12:12.195 [info] [main] Using git "2.39.5 (Apple Git-154)" from "/usr/bin/git"
2025-03-05 20:12:12.195 [info] [Model][doInitialScan] Initial repository scan started
2025-03-05 20:12:12.196 [info] [Model][doInitialScan] Initial repository scan completed - repositories (0), closed repositories (0), parent repositories (0), unsafe repositories (0)
2025-03-05 20:12:21.488 [info] [main] Log level: Info
2025-03-05 20:12:21.494 [info] [main] Validating found git in: "/usr/bin/git"
2025-03-05 20:12:21.525 [info] [main] Using git "2.39.5 (Apple Git-154)" from "/usr/bin/git"
2025-03-05 20:12:21.525 [info] [Model][doInitialScan] Initial repository scan started
2025-03-05 20:12:22.098 [info] > git rev-parse --show-toplevel [569ms]
2025-03-05 20:12:22.128 [info] > git rev-parse --show-toplevel [25ms]
2025-03-05 20:12:22.216 [info] > git rev-parse --show-toplevel [40ms]
2025-03-05 20:12:22.251 [info] > git rev-parse --show-toplevel [34ms]
2025-03-05 20:12:22.261 [info] > git rev-parse --show-toplevel [9ms]
2025-03-05 20:12:22.279 [info] > git rev-parse --show-toplevel [18ms]
2025-03-05 20:12:22.281 [info] [Model][doInitialScan] Initial repository scan completed - repositories (0), closed repositories (0), parent repositories (1), unsafe repositories (0)
2025-03-05 20:12:22.440 [info] > git rev-parse --show-toplevel [12ms]
2025-03-05 20:12:23.387 [info] > git rev-parse --show-toplevel [15ms]
2025-03-05 20:12:24.448 [info] > git rev-parse --show-toplevel [18ms]
2025-03-05 20:15:31.113 [info] > git rev-parse --show-toplevel [31ms]
2025-03-05 20:16:10.092 [info] > git rev-parse --show-toplevel [26ms]
2025-03-05 20:19:22.720 [info] > git rev-parse --show-toplevel [47ms]
2025-03-05 20:19:22.732 [info] > git rev-parse --show-toplevel [11ms]
2025-03-05 20:19:22.741 [info] > git rev-parse --show-toplevel [9ms]
2025-03-05 20:19:23.298 [info] > git rev-parse --show-toplevel [11ms]
2025-03-05 20:19:23.307 [info] > git rev-parse --show-toplevel [8ms]
2025-03-05 20:19:23.316 [info] > git rev-parse --show-toplevel [8ms]
2025-03-05 20:19:26.785 [info] > git rev-parse --show-toplevel [9ms]
2025-03-05 20:19:26.794 [info] > git rev-parse --show-toplevel [9ms]
2025-03-05 20:19:26.803 [info] > git rev-parse --show-toplevel [8ms]
2025-03-05 20:19:26.812 [info] > git rev-parse --show-toplevel [8ms]
2025-03-05 20:19:26.821 [info] > git rev-parse --show-toplevel [9ms]
2025-03-05 20:19:26.830 [info] > git rev-parse --show-toplevel [9ms]
2025-03-05 20:19:26.839 [info] > git rev-parse --show-toplevel [8ms]
2025-03-05 20:19:26.849 [info] > git rev-parse --show-toplevel [9ms]
2025-03-05 20:19:26.859 [info] > git rev-parse --show-toplevel [10ms]
2025-03-05 20:19:26.871 [info] > git rev-parse --show-toplevel [12ms]
2025-03-05 20:19:26.880 [info] > git rev-parse --show-toplevel [9ms]
2025-03-05 20:19:26.904 [info] > git rev-parse --show-toplevel [23ms]
2025-03-05 20:19:26.919 [info] > git rev-parse --show-toplevel [13ms]
2025-03-05 20:19:26.928 [info] > git rev-parse --show-toplevel [8ms]
2025-03-05 20:19:26.938 [info] > git rev-parse --show-toplevel [10ms]
2025-03-05 20:19:27.811 [info] > git rev-parse --show-toplevel [9ms]
2025-03-05 20:19:29.456 [info] > git rev-parse --show-toplevel [13ms]
2025-03-05 20:19:29.465 [info] > git rev-parse --show-toplevel [8ms]
2025-03-05 20:19:30.274 [info] > git rev-parse --show-toplevel [11ms]
2025-03-05 20:19:30.282 [info] > git rev-parse --show-toplevel [8ms]
2025-03-05 20:19:30.291 [info] > git rev-parse --show-toplevel [8ms]
2025-03-05 20:19:30.301 [info] > git rev-parse --show-toplevel [9ms]
2025-03-05 20:19:32.754 [info] > git rev-parse --show-toplevel [17ms]
2025-03-05 20:19:32.769 [info] > git rev-parse --show-toplevel [14ms]
2025-03-05 20:19:32.780 [info] > git rev-parse --show-toplevel [11ms]
2025-03-05 20:19:32.790 [info] > git rev-parse --show-toplevel [9ms]
2025-03-05 20:19:32.800 [info] > git rev-parse --show-toplevel [10ms]
2025-03-05 20:19:33.973 [info] > git rev-parse --show-toplevel [9ms]
2025-03-05 20:19:33.984 [info] > git rev-parse --show-toplevel [10ms]
2025-03-05 20:19:33.994 [info] > git rev-parse --show-toplevel [9ms]
2025-03-05 20:19:34.004 [info] > git rev-parse --show-toplevel [9ms]
